
Warning-[DBG_FLAG_DEP] Debug Option is being Deprecated
  The '-fsdb' debug-related option is being deprecated and will no longer be 
  supported in a future release.
  Please recompile using the '-debug_access<+options>' switch and incremental 
  options as required.  Recommended options are '-debug_access' for 
  post-process debug, '-debug_access+classdbg' for testbench debug, and 
  '-debug_access+all' for all debug capabilities.  Refer the VCS user guide 
  for more granular options for debug control under the switch '-debug_access'
  and refer to '-debug_region' for region control.

Command: vcs -full64 -cpp g++-4.8 -cc gcc-4.8 -LDFLAGS -Wl,--no-as-needed +v2k -override_timescale=1ns/100ps \
-full64 -debug_all -sverilog -l compile.log -f filelist.f -fsdb
*** Using c compiler gcc-4.8 instead of cc ...
                         Chronologic VCS (TM)
         Version L-2016.06_Full64 -- Fri Jan 12 23:39:13 2024
               Copyright (c) 1991-2016 by Synopsys Inc.
                         ALL RIGHTS RESERVED

This program is proprietary and confidential information of Synopsys Inc.
and may be used and disclosed only as authorized in a license agreement
controlling such use and disclosure.

Parsing design file 'mul_lod.sv'
Parsing design file 'mul_mask.sv'
Parsing design file 'mul_para.sv'
Parsing design file 'mul_tb.sv'

Warning-[RVOSFD] Return value discarded
mul_tb.sv, 30
  System function '$fscanf' is invoked as task, its return value is discarded.
  "mul_tb.sv", 30
  Source info:     $fscanf(STDIN, "%d %d %d", a,b,rnd);

Top Level Modules:
       mul_tb
TimeScale is 1 ns / 100 ps

Warning-[PCWM-W] Port connection width mismatch
mul_para.sv, 121
"mul_lod #(24, ) u_lod( .in_detect (mant_input),  .zero_nums (zero_nums_uc));"
  The following 6-bit expression is connected to 5-bit port "zero_nums" of 
  module "mul_lod", instance "u_lod".
  Expression: zero_nums_uc
  	use +lint=PCWM for more details

Starting vcs inline pass...
2 unique modules to generate
2 modules and 0 UDP read. 
recompiling package std
recompiling module mul_tb
All of 2 modules done
rm -f _csrc*.so pre_vcsobj_*.so share_vcsobj_*.so
if [ -x ../simv ]; then chmod -x ../simv; fi
g++-4.8  -o ../simv   -Wl,-rpath-link=./ -Wl,-rpath='$ORIGIN'/simv.daidir/ -Wl,-rpath=./simv.daidir/ \
-Wl,-rpath='$ORIGIN'/simv.daidir//scsim.db.dir  -Wl,--no-as-needed -rdynamic   amcQwB.o \
objs/amcQw_d.o  _1524463_archive_1.so  SIM_l.o       rmapats_mop.o rmapats.o rmar.o \
rmar_llvm_0_1.o rmar_llvm_0_0.o          /home/liuyunqi/software/vcs_2016/linux64/lib/libzerosoft_rt_stubs.so \
/home/liuyunqi/software/vcs_2016/linux64/lib/libvirsim.so /home/liuyunqi/software/vcs_2016/linux64/lib/liberrorinf.so \
/home/liuyunqi/software/vcs_2016/linux64/lib/libsnpsmalloc.so    /home/liuyunqi/software/vcs_2016/linux64/lib/libvcsnew.so \
/home/liuyunqi/software/vcs_2016/linux64/lib/libsimprofile.so /home/liuyunqi/software/vcs_2016/linux64/lib/libuclinative.so \
-Wl,-whole-archive /home/liuyunqi/software/vcs_2016/linux64/lib/libvcsucli.so -Wl,-no-whole-archive \
_vcs_pli_stub_.o   /home/liuyunqi/software/vcs_2016/linux64/lib/vcs_save_restore_new.o \
/home/liuyunqi/software/verdi_2016/share/PLI/VCS/LINUX64/pli.a -ldl  -lc -lm -lpthread \
-ldl 
../simv up to date
