ucliGUI::start /home/liuyunqi/ymyu/mul/mul_ver/simv -ucligui 
set ucliGUI::state
set ucliGUI::state
ucliCore::getToolPID
synopsys::env hasTB
trigger_hier_stack_context_switch 0
synUtils::setDVEInitPhase 1
synopsys::dump -type VPD -file /home/liuyunqi/ymyu/mul/mul_ver/inter.vpd -locking
synopsys::dump -autoflush on -fid VPD1
set ::dve_fid VPD1
synUtils::setDVEInitPhase 0
ucliCore::getToolPID
synUtils::sendTool -active _icl_setToolSocket /tmp/smlnpPJp0wi
synUtils::sendTool -active {_icl_start_rpc -version "L-2016.06_Full64" -sync_file /tmp/vcs_dve_rpc.liuyunqi.70702}
synUtils::sendTool -active {_icl_createSharedMemory /tmp/vcs_dve_general.liuyunqi.70702}
config endofsim noexit
config onfail enable all
config syscaddplainmembers
config syscaddsourcenames
config syscaddstructtypes
synopsys::listing -disable
# Begin_DVE_Session_Save_Info
# DVE restart(Breakpoint Bus Radix Expression TimeShift Compare SignalGroup Highlight Stack ) session
# Saved on Wed Jan 10 14:17:47 2024
# Designs open: 1
#   Sim: /home/liuyunqi/ymyu/mul/mul_ver/simv
# Toplevel windows open: 1
# 	TopLevel.1
#   Source.1: mul_tb.u_mul_para
#   Group count = 0
# End_DVE_Session_Save_Info
# DVE version: L-2016.06_Full64
# DVE build date: May 24 2016 21:01:02
#<Session mode="Restart" path=".restartSimSession.tcl" type="Debug">
# Application preferences
#<WindowLayout>
# DVE top-level session
# Create and position top-level window: TopLevel.1
set TopLevel.1 TopLevel.1
# Docked window settings
set HSPane.1 HSPane.1
set Hier.1 Hier.1
set DLPane.1 DLPane.1
set Data.1 Data.1
set Console.1 Console.1
# MDI window settings
set Source.1 Source.1
# End MDI window settings
#</WindowLayout>
#<Database>
#</Database>
# DVE Global setting session:
# Global: Breakpoints
# Global: Bus
# Global: Expressions
# Global: Signal Time Shift
# Global: Signal Compare
# Global: Signal Groups
# Global: Highlighting
# Global: Stack
synopsys::xml {set_only_active_frame <data value="1" />}
# Post database loading setting...
# Save global setting...
# Wave/List view global setting
# Close all empty TopLevel windows
foreach __top [gui_ekki_get_window_ids -type TopLevel] {     if { [llength [gui_ekki_get_window_ids -parent $__top]] == 0} {         gui_close_window -window $__top     } }
# DVE View/pane content session:
# Hier 'Hier.1'
catch {gui_list_select -id ${Hier.1} {mul_tb}}
# Data 'Data.1'
# Source 'Source.1'
# Restore toplevel window zorder
# The toplevel window could be closed if it has no view/pane
if {[gui_exist_window -window ${TopLevel.1}]} { 	gui_set_active_window -window ${TopLevel.1} 	gui_set_active_window -window ${Source.1} }
#</Session>
synopsys::step
set ucliGUI::state
set ucliGUI::state
ucliGUI::vpdAddHierarchy -scope mul_tb.u_mul_para.u_lod -depth 1 -file /home/liuyunqi/ymyu/mul/mul_ver/inter.vpd; synopsys::dump -flush VPD1
synopsys::dump -add {mul_tb.u_mul_para.u_lod.INPUT_WIDTH} -aggregates  -fid VPD1
synopsys::step
set ucliGUI::state
set ucliGUI::state
synopsys::step
set ucliGUI::state
set ucliGUI::state
synopsys::step
set ucliGUI::state
set ucliGUI::state
synopsys::step
set ucliGUI::state
set ucliGUI::state
synopsys::next
set ucliGUI::state
set ucliGUI::state
synopsys::next
set ucliGUI::state
set ucliGUI::state
synopsys::next
set ucliGUI::state
set ucliGUI::state
synopsys::next
set ucliGUI::state
set ucliGUI::state
synopsys::next
set ucliGUI::state
set ucliGUI::state
synopsys::next
set ucliGUI::state
set ucliGUI::state
synopsys::next
set ucliGUI::state
set ucliGUI::state
synopsys::next
set ucliGUI::state
set ucliGUI::state
synopsys::next
set ucliGUI::state
set ucliGUI::state
synopsys::next
set ucliGUI::state
set ucliGUI::state
ucliGUI::vpdAddHierarchy -scope mul_tb.u_mul_para -depth 1 -file /home/liuyunqi/ymyu/mul/mul_ver/inter.vpd; synopsys::dump -flush VPD1
synopsys::dump -add {mul_tb.u_mul_para.MANT_W} -aggregates  -fid VPD1
synopsys::next
set ucliGUI::state
set ucliGUI::state
synopsys::next
set ucliGUI::state
set ucliGUI::state
synopsys::next
set ucliGUI::state
set ucliGUI::state
synopsys::next
set ucliGUI::state
set ucliGUI::state
synopsys::next
set ucliGUI::state
set ucliGUI::state
synopsys::next
set ucliGUI::state
set ucliGUI::state
synopsys::dump -add {mul_tb.u_mul_para.a mul_tb.u_mul_para.b mul_tb.u_mul_para.res mul_tb.u_mul_para.rnd } -aggregates  -fid VPD1
ucliCore::getToolPID
