# Preference setting overrides
gui_create_pref_key -category {Globals} -key {load_detail_for_funcov} -value_type {bool} -value {false}

# State setting overrides
gui_state_default_create -off -ini
gui_set_state_value -category Layout -key child_console_size_x -value 1427
gui_set_state_value -category Layout -key child_console_size_y -value 179
gui_set_state_value -category Layout -key child_data_size_x -value 174
gui_set_state_value -category Layout -key child_data_size_y -value 543
gui_set_state_value -category Layout -key child_hier_col3 -value {-1}
gui_set_state_value -category Layout -key child_hier_colpd -value 0
gui_set_state_value -category Layout -key child_hier_size_x -value 174
gui_set_state_value -category Layout -key child_hier_size_y -value 543
gui_set_state_value -category Layout -key child_source_docknewline -value false
gui_set_state_value -category Layout -key child_source_pos_x -value {-2}
gui_set_state_value -category Layout -key child_source_pos_y -value {-15}
gui_set_state_value -category Layout -key child_source_size_x -value 1082
gui_set_state_value -category Layout -key child_source_size_y -value 538
gui_set_state_value -category Layout -key main_pos_x -value 6
gui_set_state_value -category Layout -key main_pos_y -value 567
gui_set_state_value -category Layout -key main_size_x -value 1433
gui_set_state_value -category Layout -key main_size_y -value 1385
gui_create_state_key -category FindDialog -key m_pMatchCase -value_type bool -value false
gui_create_state_key -category FindDialog -key m_pMatchWord -value_type bool -value false
gui_create_state_key -category FindDialog -key m_pUseCombo -value_type string -value {}
gui_create_state_key -category FindDialog -key m_pWrapAround -value_type bool -value true
gui_state_default_create -off

# Begin command logging
gui_sim_run Ucli -exe ./simv -args {-ucligui  } -dir .
gui_sim_step 
gui_sim_step 
gui_sim_next 
gui_src_highlight_item -id Source.1 -lfrom 107 -idxfrom 7 -fileIdFrom 0 -lto 107 -idxto 13 -fileIdTo 0 -selection {expo_1} -selectionId 0 -replace 0
gui_list_expand -id Hier.1   mul_tb
gui_list_action -id  Hier.1 mul_tb
synopsys::checkpoint -add u_mul_para
gui_sim_step 
gui_set_env SIMSETUP::SIMCURRENTDIR /home/liuyunqi/ymyu/mul/mul_ver
gui_sim_restart
gui_sim_step 
gui_sim_step 
gui_sim_step 
gui_sim_step 
gui_sim_step 
gui_sim_next 
gui_sim_next 
gui_sim_next 
gui_sim_next 
gui_sim_next 
gui_sim_next 
gui_sim_next 
gui_sim_next 
gui_sim_next 
gui_sim_next 
gui_sim_next 
gui_sim_next 
gui_sim_next 
gui_sim_next 
gui_sim_next 
gui_sim_next 
gui_list_select -id Data.1 -selected  { {mul_tb.b[31:0]}   }
gui_list_select -id Data.1 -selected  { {mul_tb.a[31:0]}  {mul_tb.b[31:0]}   }
gui_list_select -id Data.1 -selected  { {mul_tb.b[31:0]}  {mul_tb.c[31:0]}   }
gui_list_select -id Data.1 -selected  { {mul_tb.a[31:0]}   }
gui_list_select -id Data.1 -selected  { {mul_tb.a[31:0]}  {mul_tb.b[31:0]}  {mul_tb.c[31:0]}  {mul_tb.c_std[31:0]}   }
gui_list_expand -id Hier.1   mul_tb
gui_list_action -id  Hier.1 mul_tb
gui_list_select -id Hier.1 -current_item_name mul_tb.u_mul_para -current_item_type Scope  -selected  { mul_tb.u_mul_para   }
gui_list_expand -id Hier.1   mul_tb.u_mul_para
gui_list_action -id  Hier.1 mul_tb.u_mul_para
gui_src_highlight_item -id Source.1 -lfrom 24 -idxfrom 55 -fileIdFrom 0 -lto 24 -idxto 56 -fileIdTo 0 -selection {a} -selectionId 0 -replace 0
gui_src_highlight_item -id Source.1 -lfrom 24 -idxfrom 55 -fileIdFrom 0 -lto 25 -idxto 55 -fileIdTo 0 -selection {a   ,
    input  logic [SIGN_W + EXPO_W + MANT_W -1 : 0]     } -selectionId 0 -replace 1
gui_src_highlight_item -id Source.1 -lfrom 24 -idxfrom 55 -fileIdFrom 0 -lto 26 -idxto 55 -fileIdTo 0 -selection {a   ,
    input  logic [SIGN_W + EXPO_W + MANT_W -1 : 0]     b   ,
    input  logic [1 : 0]                               } -selectionId 0 -replace 1
gui_src_highlight_item -id Source.1 -lfrom 25 -idxfrom 55 -fileIdFrom 0 -lto 25 -idxto 56 -fileIdTo 0 -selection {b} -selectionId 0 -replace 0
gui_src_highlight_item -id Source.1 -lfrom 24 -idxfrom 55 -fileIdFrom 0 -lto 24 -idxto 56 -fileIdTo 0 -selection {a} -selectionId 0 -replace 0
gui_src_highlight_item -id Source.1 -lfrom 25 -idxfrom 55 -fileIdFrom 0 -lto 25 -idxto 56 -fileIdTo 0 -selection {b} -selectionId 1 -replace 0
gui_src_highlight_item -id Source.1 -lfrom 26 -idxfrom 55 -fileIdFrom 0 -lto 26 -idxto 58 -fileIdTo 0 -selection {rnd} -selectionId 2 -replace 0
gui_src_highlight_item -id Source.1 -lfrom 27 -idxfrom 55 -fileIdFrom 0 -lto 27 -idxto 58 -fileIdTo 0 -selection {res} -selectionId 3 -replace 0
gui_close_window -window TopLevel.1
gui_open_window Wave
gui_list_add -id Wave.1 -from Source.1 { {mul_tb.u_mul_para.a[31:0]} {mul_tb.u_mul_para.b[31:0]} {mul_tb.u_mul_para.rnd[1:0]} {mul_tb.u_mul_para.res[31:0]} } -insertionbar
gui_wv_zoom_timerange -id  Wave.1 0 443
gui_wv_scroll_hslidermove -id  Wave.1 198
gui_wv_scroll_hslidermove -id  Wave.1 396
gui_wv_scroll_hslidermove -id  Wave.1 594
gui_wv_scroll_hslidermove -id  Wave.1 792
gui_wv_scroll_hslidermove -id  Wave.1 1188
gui_wv_scroll_hslidermove -id  Wave.1 1386
gui_wv_scroll_hslidermove -id  Wave.1 1584
gui_wv_scroll_hslidermove -id  Wave.1 1782
gui_wv_scroll_hslidermove -id  Wave.1 1980
gui_wv_scroll_hslidermove -id  Wave.1 2376
gui_wv_scroll_hslidermove -id  Wave.1 2574
gui_wv_scroll_hslidermove -id  Wave.1 2772
gui_wv_scroll_hslidermove -id  Wave.1 3168
gui_wv_scroll_hslidermove -id  Wave.1 3564
gui_wv_scroll_hslidermove -id  Wave.1 3762
gui_wv_scroll_hslidermove -id  Wave.1 3960
gui_wv_scroll_hslidermove -id  Wave.1 4356
gui_wv_scroll_hslidermove -id  Wave.1 4554
gui_wv_scroll_hslidermove -id  Wave.1 4752
gui_wv_scroll_hslidermove -id  Wave.1 4950
gui_wv_scroll_hslidermove -id  Wave.1 5346
gui_wv_scroll_hslidermove -id  Wave.1 5742
gui_wv_scroll_hslidermove -id  Wave.1 6138
gui_wv_scroll_hslidermove -id  Wave.1 6336
gui_wv_scroll_hslidermove -id  Wave.1 6732
gui_wv_scroll_hslidermove -id  Wave.1 7128
gui_wv_scroll_hslidermove -id  Wave.1 7326
gui_wv_scroll_hslidermove -id  Wave.1 7524
gui_wv_scroll_hslidermove -id  Wave.1 7722
gui_wv_scroll_hslidermove -id  Wave.1 8118
gui_wv_scroll_hslidermove -id  Wave.1 8316
gui_wv_scroll_hslidermove -id  Wave.1 8514
gui_wv_scroll_hslidermove -id  Wave.1 8712
gui_wv_scroll_hslidermove -id  Wave.1 8910
gui_wv_scroll_hslidermove -id  Wave.1 9504
gui_wv_scroll_hslidermove -id  Wave.1 10098
gui_wv_scroll_hslidermove -id  Wave.1 10494
gui_wv_scroll_hslidermove -id  Wave.1 10692
gui_wv_scroll_hslidermove -id  Wave.1 10890
gui_wv_scroll_hslidermove -id  Wave.1 11484
gui_wv_scroll_hslidermove -id  Wave.1 11682
gui_wv_scroll_hslidermove -id  Wave.1 11880
gui_wv_scroll_hslidermove -id  Wave.1 12078
gui_marker_move -id  Wave.1 C1 4213
gui_zoom -window Wave.1 -full
gui_zoom -window Wave.1 -full
gui_zoom -window Wave.1 -full
gui_zoom -window Wave.1 -full
gui_zoom -window Wave.1 -full
gui_zoom -window Wave.1 -full
gui_zoom -window Wave.1 -full
gui_zoom -window Wave.1 -full
gui_wv_scroll_hslidermove -id  Wave.1 0
gui_wv_scroll_hslidermove -id  Wave.1 0
gui_wv_scroll_hslidermove -id  Wave.1 0
gui_wv_scroll_hslidermove -id  Wave.1 0
gui_wv_scroll_hslidermove -id  Wave.1 0
gui_wv_scroll_hslidermove -id  Wave.1 0
gui_wv_zoom_timerange -id  Wave.1 0 625
gui_wv_scroll_hslidermove -id  Wave.1 198
gui_wv_scroll_hslidermove -id  Wave.1 396
gui_wv_scroll_hslidermove -id  Wave.1 594
gui_wv_scroll_hslidermove -id  Wave.1 792
gui_wv_scroll_hslidermove -id  Wave.1 990
gui_wv_scroll_hslidermove -id  Wave.1 1188
gui_wv_scroll_hslidermove -id  Wave.1 1386
gui_wv_scroll_hslidermove -id  Wave.1 1782
gui_wv_scroll_hslidermove -id  Wave.1 1980
gui_wv_scroll_hslidermove -id  Wave.1 2178
gui_wv_scroll_hslidermove -id  Wave.1 2574
gui_wv_scroll_hslidermove -id  Wave.1 2772
gui_wv_scroll_hslidermove -id  Wave.1 3168
gui_wv_scroll_hslidermove -id  Wave.1 3366
gui_wv_scroll_hslidermove -id  Wave.1 3564
gui_wv_scroll_hslidermove -id  Wave.1 3960
gui_wv_scroll_hslidermove -id  Wave.1 4158
gui_wv_scroll_hslidermove -id  Wave.1 4554
gui_wv_scroll_hslidermove -id  Wave.1 4752
gui_wv_scroll_hslidermove -id  Wave.1 5346
gui_wv_scroll_hslidermove -id  Wave.1 5544
gui_wv_scroll_hslidermove -id  Wave.1 5742
gui_wv_scroll_hslidermove -id  Wave.1 6138
gui_wv_scroll_hslidermove -id  Wave.1 6336
gui_wv_scroll_hslidermove -id  Wave.1 6732
gui_wv_scroll_hslidermove -id  Wave.1 7326
gui_wv_scroll_hslidermove -id  Wave.1 7722
gui_wv_scroll_hslidermove -id  Wave.1 0
gui_get_drivers -id Wave.1 -signal {mul_tb.u_mul_para.rnd[1:0]}
gui_marker_move -id  Wave.1 C1 12
gui_marker_select -id  Wave.1 { C1 }
gui_marker_move -id  Wave.1 C1 1
gui_wv_scroll_hslidermove -id  Wave.1 198
gui_wv_scroll_hslidermove -id  Wave.1 396
gui_wv_scroll_hslidermove -id  Wave.1 792
gui_wv_scroll_hslidermove -id  Wave.1 990
gui_wv_scroll_hslidermove -id  Wave.1 1188
gui_wv_scroll_hslidermove -id  Wave.1 1584
gui_wv_scroll_hslidermove -id  Wave.1 1782
gui_wv_scroll_hslidermove -id  Wave.1 2178
gui_wv_scroll_hslidermove -id  Wave.1 2574
gui_wv_scroll_hslidermove -id  Wave.1 2772
gui_wv_scroll_hslidermove -id  Wave.1 2970
gui_wv_scroll_hslidermove -id  Wave.1 3366
gui_wv_scroll_hslidermove -id  Wave.1 3564
gui_wv_scroll_hslidermove -id  Wave.1 3960
gui_wv_scroll_hslidermove -id  Wave.1 4356
gui_close_window -window TopLevel.2
