Chronologic VCS simulator copyright 1991-2016
Contains Synopsys proprietary information.
Compiler version L-2016.06_Full64; Runtime version L-2016.06_Full64;  Jan 10 14:16 2024
VCD+ Writer L-2016.06_Full64 Copyright (c) 1991-2016 by Synopsys Inc.
The file '/home/liuyunqi/ymyu/mul/mul_ver/inter.vpd' was opened successfully.
Chronologic VCS simulator copyright 1991-2016
Contains Synopsys proprietary information.
Compiler version L-2016.06_Full64; Runtime version L-2016.06_Full64;  Jan 10 14:17 2024
VCD+ Writer L-2016.06_Full64 Copyright (c) 1991-2016 by Synopsys Inc.
The file '/home/liuyunqi/ymyu/mul/mul_ver/inter.vpd' was opened successfully.
Warning: [AD-MDTS] Active drivers analysis is not possible
  Missing dump for signal 'mul_tb.u_mul_para.rnd' at time '4213'.
  Active driver analysis will not be done.
  Please dump this signal if you want active drivers analysis to be performed.
.sdb'
1 driver (1 possibly active statement) found for signal: mul_tb.u_mul_para.rnd[1:0]
---------------------------------------------

The tool has just exited abnormally:


Release = 'L-2016.06_Full64'  Architecture = 'amd64'  Program = 'DVE'

'33398273 33435466 33437347 140557951292481'

---------------------------------------------
=======================DVE Context and Call Stack=========================
Command line: /home/liuyunqi/software/vcs_2016/gui/dve/linux64/bin/dve.exe -full64 -ucliplatform=linux64 -toolargs "-ucligui -toolexe ./simv  -pid 70101" -toolin /tmp/vcs_20240110061622_70100_liuyunqi..stdin -toolout /tmp/vcs_20240110061622_70100_liuyunqi..stdout

--- Stack trace follows:
Child process exited with status 1: /home/liuyunqi/software/vcs_2016/linux64/bin/cbug-gdb-64/bin/gdb -n --batch -x /tmp/.stack_annotator_gdb_cmd_file_YtLr9T /home/liuyunqi/software/vcs_2016/gui/dve/linux64/bin/dve.exe 70109 < /dev/null &> /tmp/.stack_annotator_gdb_output_file_04goBI

warning: Could not load shared library symbols for linux-vdso.so.1.
Do you need "set solib-search-path" or "set sysroot"?
Dwarf Error: wrong version in compilation unit header (is 5, should be 2, 3, or 4) [in module /lib/x86_64-linux-gnu/libpthread.so.0]

warning: File "/usr/lib/x86_64-linux-gnu/libthread_db.so.1" auto-loading has been declined by your `auto-load safe-path' set to "$debugdir:$datadir/auto-load".
To enable execution of this file add
	add-auto-load-safe-path /usr/lib/x86_64-linux-gnu/libthread_db.so.1
line to your configuration file "/home/liuyunqi/.gdbinit".
To completely disable this security protection add
	set auto-load safe-path /
line to your configuration file "/home/liuyunqi/.gdbinit".
For more information about this security protection see the
"Auto-loading safe path" section in the GDB manual.  E.g., run from the shell:
	info "(gdb)Auto-loading safe path"

warning: Unable to find libthread_db matching inferior's thread library, thread debugging will not be available.
BFD: BFD (GNU Binutils) 2.24.51.20141029 internal error, aborting at elf64-x86-64.c line 5334 in elf_x86_64_plt_sym_val

BFD: Please report this bug.

No context available
==========================================================================
