14:17:47    103 --> ...              [tcl] ucliGUI::start /home/liuyunqi/ymyu/mul/mul_ver/simv -ucligui 
14:17:47    104 --> ...                  [tcl] set ucliGUI::state
14:17:47    105 --> ...                      [tcl] gui_update_simulator_buttons
14:17:50    106 --> ...                          [tcl] set ucliGUI::state
14:17:50    107 --> ...                              [tcl] ucliCore::getToolPID
14:17:50    108 --> ...                                  [tcl] synopsys::env hasTB
14:17:50    109 --> ...                                      [tcl] trigger_hier_stack_context_switch 0
14:17:50    110 --> ...                                          [tcl] synUtils::setDVEInitPhase 1
14:17:50    111 --> ...                                              [tcl] gui_get_env SIMSETUP::SIMVPD
14:17:50    112 --> ...                                                  [tcl] synopsys::dump -type VPD -file /home/liuyunqi/ymyu/mul/mul_ver/inter.vpd -locking
14:17:50    113 --> ...                                                      [tcl] synopsys::dump -autoflush on -fid VPD1
14:17:50    114 --> ...                                                          [tcl] set ::dve_fid VPD1
14:17:50    115 --> ...                                                              [tcl] synUtils::setDVEInitPhase 0
14:17:50    116 --> ...                                                                  [tcl] ucliCore::getToolPID
14:17:50    117 --> ...                                                                      [tcl] synUtils::sendTool -active _icl_setToolSocket /tmp/smlnpPJp0wi
14:17:50    118 --> ...                                                                          [tcl] synUtils::sendTool -active {_icl_start_rpc -version "L-2016.06_Full64" -sync_file /tmp/vcs_dve_rpc.liuyunqi.70702}
14:17:50    119 --> ...                                                                              [tcl] synUtils::sendTool -active {_icl_createSharedMemory /tmp/vcs_dve_general.liuyunqi.70702}
14:17:50    120 --> ...                                                                                  [tcl] config endofsim noexit
14:17:50    121 --> ...                                                                                      [tcl] config onfail enable all
14:17:50    122 --> ...                                                                                          [tcl] config syscaddplainmembers
14:17:50    123 --> ...                                                                                              [tcl] config syscaddsourcenames
14:17:50    124 --> ...                                                                                                  [tcl] config syscaddstructtypes
14:17:50    125 --> ...  [tcl] synopsys::listing -disable
14:17:50    126 --> ...      [tcl] # Begin_DVE_Session_Save_Info
14:17:50    127 --> ...          [tcl] # DVE restart(Breakpoint Bus Radix Expression TimeShift Compare SignalGroup Highlight Stack ) session
14:17:50    128 --> ...              [tcl] # Saved on Wed Jan 10 14:17:47 2024
14:17:50    129 --> ...                  [tcl] # Designs open: 1
14:17:50    130 --> ...                      [tcl] #   Sim: /home/liuyunqi/ymyu/mul/mul_ver/simv
14:17:50    131 --> ...                          [tcl] # Toplevel windows open: 1
14:17:50    132 --> ...                              [tcl] # 	TopLevel.1
14:17:50    133 --> ...                                  [tcl] #   Source.1: mul_tb.u_mul_para
14:17:50    134 --> ...                                      [tcl] #   Group count = 0
14:17:50    135 --> ...                                          [tcl] # End_DVE_Session_Save_Info
14:17:50    136 --> ...                                              [tcl] # DVE version: L-2016.06_Full64
14:17:50    137 --> ...                                                  [tcl] # DVE build date: May 24 2016 21:01:02
14:17:50    138 --> ...                                                      [tcl] #<Session mode="Restart" path=".restartSimSession.tcl" type="Debug">
14:17:50    139 --> ...                                                          [tcl] gui_set_loading_session_type Restart
14:17:50    140 --> ...                                                              [tcl] gui_continuetime_set
14:17:50    141 --> ...                                                                  [tcl] gui_clear_window -type Wave
14:17:50    142 --> ...                                                                      [tcl] gui_clear_window -type List
14:17:50    143 --> ...                                                                          [tcl] # Application preferences
14:17:50    144 --> ...                                                                              [tcl] gui_set_pref_value -key app_default_font -value {Helvetica,10,-1,5,50,0,0,0,0,0}
14:17:50    145 --> ...                                                                                  [tcl] gui_src_preferences -tabstop 8 -maxbits 24 -windownumber 1
14:17:50    146 --> ...                                                                                      [tcl] #<WindowLayout>
14:17:50    147 --> ...                                                                                          [tcl] # DVE top-level session
14:17:50    148 --> ...                                                                                              [tcl] # Create and position top-level window: TopLevel.1
14:17:50    149 --> ...                                                                                                  [tcl] set TopLevel.1 TopLevel.1
14:17:50    150 --> ...  [tcl] # Docked window settings
14:17:50    151 --> ...      [tcl] set HSPane.1 HSPane.1
14:17:50    152 --> ...          [tcl] set Hier.1 Hier.1
14:17:50    153 --> ...              [tcl] set DLPane.1 DLPane.1
14:17:50    154 --> ...                  [tcl] set Data.1 Data.1
14:17:50    155 --> ...                      [tcl] set Console.1 Console.1
14:17:50    156 --> ...                          [tcl] gui_sync_global -id ${TopLevel.1} -option true
14:17:50    157 --> ...                              [tcl] # MDI window settings
14:17:50    158 --> ...                                  [tcl] set Source.1 Source.1
14:17:50    159 --> ...                                      [tcl] gui_update_layout -id ${Source.1} {{show_state maximized} {dock_state undocked} {dock_on_new_line false}}
14:17:50    160 --> ...                                          [tcl] # End MDI window settings
14:17:50    161 --> ...                                              [tcl] #</WindowLayout>
14:17:50    162 --> ...                                                  [tcl] #<Database>
14:17:50    163 --> ...                                                      [tcl] gui_set_precision 100ps
14:17:50    164 --> ...                                                          [tcl] gui_set_time_units 100ps
14:17:50    165 --> ...                                                              [tcl] #</Database>
14:17:50    166 --> ...                                                                  [tcl] # DVE Global setting session:
14:17:50    167 --> ...                                                                      [tcl] # Global: Breakpoints
14:17:50    168 --> ...                                                                          [tcl] # Global: Bus
14:17:50    169 --> ...                                                                              [tcl] # Global: Expressions
14:17:50    170 --> ...                                                                                  [tcl] # Global: Signal Time Shift
14:17:50    171 --> ...                                                                                      [tcl] # Global: Signal Compare
14:17:50    172 --> ...                                                                                          [tcl] # Global: Signal Groups
14:17:50    173 --> ...                                                                                              [tcl] # Global: Highlighting
14:17:50    174 --> ...                                                                                                  [tcl] # Global: Stack
14:17:50    175 --> ...  [tcl] gui_change_stack_mode -mode list
14:17:50    176 --> ...      [tcl] synopsys::xml {set_only_active_frame <data value="1" />}
14:17:50    177 --> ...          [tcl] # Post database loading setting...
14:17:50    178 --> ...              [tcl] # Save global setting...
14:17:50    179 --> ...                  [tcl] # Wave/List view global setting
14:17:50    180 --> ...                      [tcl] gui_cov_show_value -switch false
14:17:50    181 --> ...                          [tcl] # Close all empty TopLevel windows
14:17:50    182 --> ...                              [tcl] foreach __top [gui_ekki_get_window_ids -type TopLevel] {     if { [llength [gui_ekki_get_window_ids -parent $__top]] == 0} {         gui_close_window -window $__top     } }
14:17:50    183 --> ...                                  [tcl] gui_set_loading_session_type noSession
14:17:50    184 --> ...                                      [tcl] # DVE View/pane content session:
14:17:50    185 --> ...                                          [tcl] # Hier 'Hier.1'
14:17:50    186 --> ...                                              [tcl] gui_show_window -window ${Hier.1}
14:17:50    187 --> ...                                                  [tcl] gui_list_set_filter -id ${Hier.1} -list { {Package 1} {All 0} {Process 1} {VirtPowSwitch 0} {UnnamedProcess 1} {UDP 0} {Function 1} {Block 1} {SrsnAndSpaCell 0} {OVA Unit 1} {LeafScCell 1} {LeafVlgCell 1} {Interface 1} {LeafVhdCell 1} {$unit 1} {NamedBlock 1} {Task 1} {VlgPackage 1} {ClassDef 1} {VirtIsoCell 0} }
14:17:50    188 --> ...                                                      [tcl] gui_list_set_filter -id ${Hier.1} -text {*}
14:17:50    189 --> ...                                                          [tcl] gui_change_design -id ${Hier.1} -design Sim
14:17:50    190 --> ...                                                              [tcl] catch {gui_list_select -id ${Hier.1} {mul_tb}}
14:17:50    191 --> ...                                                                  [tcl] dveMisc::vbusExpand mul_tb
14:17:50    192 --> ...                                                                      [tcl] gui_view_scroll -id ${Hier.1} -vertical -set 0
14:17:50    193 --> ...                                                                          [tcl] gui_view_scroll -id ${Hier.1} -horizontal -set 0
14:17:50    194 --> ...                                                                              [tcl] # Data 'Data.1'
14:17:50    195 --> ...                                                                                  [tcl] gui_list_set_filter -id ${Data.1} -list { {Buffer 1} {Input 1} {Others 1} {Linkage 1} {Output 1} {LowPower 1} {Parameter 1} {All 1} {Aggregate 1} {LibBaseMember 1} {Event 1} {Assertion 1} {Constant 1} {Interface 1} {BaseMembers 1} {Signal 1} {$unit 1} {Inout 1} {Variable 1} }
14:17:50    196 --> ...                                                                                      [tcl] gui_list_set_filter -id ${Data.1} -text {*}
14:17:50    197 --> ...                                                                                          [tcl] gui_list_show_data -id ${Data.1} {mul_tb}
14:17:50    198 --> ...                                                                                              [tcl] gui_view_scroll -id ${Data.1} -vertical -set 0
14:17:50    199 --> ...                                                                                                  [tcl] gui_view_scroll -id ${Data.1} -horizontal -set 0
14:17:50    200 --> ...  [tcl] gui_view_scroll -id ${Hier.1} -vertical -set 0
14:17:50    201 --> ...      [tcl] gui_view_scroll -id ${Hier.1} -horizontal -set 0
14:17:50    202 --> ...          [tcl] # Source 'Source.1'
14:17:50    203 --> ...              [tcl] gui_src_value_annotate -id ${Source.1} -switch false
14:17:50    204 --> ...                  [tcl] gui_set_env TOGGLE::VALUEANNOTATE 0
14:17:50    205 --> ...                      [tcl] gui_open_source -id ${Source.1}  -replace -active mul_tb.u_mul_para /home/liuyunqi/ymyu/mul/mul_ver/mul_para.sv
14:17:50    206 --> ...                          [tcl] gui_view_scroll -id ${Source.1} -vertical -set 1605
14:17:50    207 --> ...                              [tcl] gui_src_set_reusable -id ${Source.1}
14:17:50    208 --> ...                                  [tcl] # Restore toplevel window zorder
14:17:50    209 --> ...                                      [tcl] # The toplevel window could be closed if it has no view/pane
14:17:50    210 --> ...                                          [tcl] if {[gui_exist_window -window ${TopLevel.1}]} { 	gui_set_active_window -window ${TopLevel.1} 	gui_set_active_window -window ${Source.1} }
14:17:50    211 --> ...                                              [tcl] #</Session>
14:17:55    212 --> ...                                                  [tcl] synopsys::step
14:17:55    213 --> ...                                                      [tcl] set ucliGUI::state
14:17:55    214 --> ...                                                          [tcl] set ucliGUI::state
14:17:55    215 --> ...                                                              [tcl] catch {senv activeDomain} dveMisc::result 
14:17:55    216 --> ...                                                                  [tcl] set dveMisc::result
14:17:55    217 --> ...                                                                      [tcl] gui_update_simulator_buttons
14:17:55    218 --> ...                                                                          [tcl] dveMisc::vbusExpand mul_tb.u_mul_para
14:17:55    219 --> ...                                                                              [tcl] dveMisc::vbusExpand mul_tb.u_mul_para.u_lod
14:17:55    220 --> ...                                                                                  [tcl] ucliGUI::vpdAddHierarchy -scope mul_tb.u_mul_para.u_lod -depth 1 -file /home/liuyunqi/ymyu/mul/mul_ver/inter.vpd; synopsys::dump -flush VPD1
14:17:55    221 --> ...                                                                                      [tcl] synopsys::dump -add {mul_tb.u_mul_para.u_lod.INPUT_WIDTH} -aggregates  -fid VPD1
14:17:58    222 --> ...                                                                                          [tcl] synopsys::step
14:17:58    223 --> ...                                                                                              [tcl] set ucliGUI::state
14:17:58    224 --> ...                                                                                                  [tcl] set ucliGUI::state
14:17:58    225 --> ...  [tcl] catch {senv activeDomain} dveMisc::result 
14:17:58    226 --> ...      [tcl] set dveMisc::result
14:17:58    227 --> ...          [tcl] gui_update_simulator_buttons
14:17:59    228 --> ...              [tcl] synopsys::step
14:17:59    229 --> ...                  [tcl] set ucliGUI::state
14:17:59    230 --> ...                      [tcl] set ucliGUI::state
14:17:59    231 --> ...                          [tcl] catch {senv activeDomain} dveMisc::result 
14:17:59    232 --> ...                              [tcl] set dveMisc::result
14:17:59    233 --> ...                                  [tcl] gui_update_simulator_buttons
14:17:59    234 --> ...                                      [tcl] synopsys::step
14:17:59    235 --> ...                                          [tcl] set ucliGUI::state
14:17:59    236 --> ...                                              [tcl] set ucliGUI::state
14:17:59    237 --> ...                                                  [tcl] catch {senv activeDomain} dveMisc::result 
14:17:59    238 --> ...                                                      [tcl] set dveMisc::result
14:17:59    239 --> ...                                                          [tcl] gui_update_simulator_buttons
14:18:00    240 --> ...                                                              [tcl] synopsys::step
14:18:00    241 --> ...                                                                  [tcl] set ucliGUI::state
14:18:00    242 --> ...                                                                      [tcl] set ucliGUI::state
14:18:00    243 --> ...                                                                          [tcl] catch {senv activeDomain} dveMisc::result 
14:18:00    244 --> ...                                                                              [tcl] set dveMisc::result
14:18:00    245 --> ...                                                                                  [tcl] gui_update_simulator_buttons
14:18:01    246 --> ...                                                                                      [tcl] synopsys::next
14:18:01    247 --> ...                                                                                          [tcl] set ucliGUI::state
14:18:01    248 --> ...                                                                                              [tcl] set ucliGUI::state
14:18:01    249 --> ...                                                                                                  [tcl] catch {senv activeDomain} dveMisc::result 
14:18:01    250 --> ...  [tcl] set dveMisc::result
14:18:01    251 --> ...      [tcl] gui_update_simulator_buttons
14:18:01    252 --> ...          [tcl] synopsys::next
14:18:01    253 --> ...              [tcl] set ucliGUI::state
14:18:01    254 --> ...                  [tcl] set ucliGUI::state
14:18:01    255 --> ...                      [tcl] catch {senv activeDomain} dveMisc::result 
14:18:01    256 --> ...                          [tcl] set dveMisc::result
14:18:01    257 --> ...                              [tcl] gui_update_simulator_buttons
14:18:02    258 --> ...                                  [tcl] synopsys::next
14:18:02    259 --> ...                                      [tcl] set ucliGUI::state
14:18:02    260 --> ...                                          [tcl] set ucliGUI::state
14:18:02    261 --> ...                                              [tcl] catch {senv activeDomain} dveMisc::result 
14:18:02    262 --> ...                                                  [tcl] set dveMisc::result
14:18:02    263 --> ...                                                      [tcl] gui_update_simulator_buttons
14:18:02    264 --> ...                                                          [tcl] synopsys::next
14:18:02    265 --> ...                                                              [tcl] set ucliGUI::state
14:18:02    266 --> ...                                                                  [tcl] set ucliGUI::state
14:18:02    267 --> ...                                                                      [tcl] catch {senv activeDomain} dveMisc::result 
14:18:02    268 --> ...                                                                          [tcl] set dveMisc::result
14:18:02    269 --> ...                                                                              [tcl] gui_update_simulator_buttons
14:18:03    270 --> ...                                                                                  [tcl] synopsys::next
14:18:03    271 --> ...                                                                                      [tcl] set ucliGUI::state
14:18:03    272 --> ...                                                                                          [tcl] set ucliGUI::state
14:18:03    273 --> ...                                                                                              [tcl] catch {senv activeDomain} dveMisc::result 
14:18:03    274 --> ...                                                                                                  [tcl] set dveMisc::result
14:18:03    275 --> ...  [tcl] gui_update_simulator_buttons
14:18:03    276 --> ...      [tcl] synopsys::next
14:18:03    277 --> ...          [tcl] set ucliGUI::state
14:18:03    278 --> ...              [tcl] set ucliGUI::state
14:18:03    279 --> ...                  [tcl] catch {senv activeDomain} dveMisc::result 
14:18:03    280 --> ...                      [tcl] set dveMisc::result
14:18:03    281 --> ...                          [tcl] gui_update_simulator_buttons
14:18:04    282 --> ...                              [tcl] synopsys::next
14:18:04    283 --> ...                                  [tcl] set ucliGUI::state
14:18:04    284 --> ...                                      [tcl] set ucliGUI::state
14:18:04    285 --> ...                                          [tcl] catch {senv activeDomain} dveMisc::result 
14:18:04    286 --> ...                                              [tcl] set dveMisc::result
14:18:04    287 --> ...                                                  [tcl] gui_update_simulator_buttons
14:18:05    288 --> ...                                                      [tcl] synopsys::next
14:18:05    289 --> ...                                                          [tcl] set ucliGUI::state
14:18:05    290 --> ...                                                              [tcl] set ucliGUI::state
14:18:05    291 --> ...                                                                  [tcl] catch {senv activeDomain} dveMisc::result 
14:18:05    292 --> ...                                                                      [tcl] set dveMisc::result
14:18:05    293 --> ...                                                                          [tcl] gui_update_simulator_buttons
14:18:05    294 --> ...                                                                              [tcl] synopsys::next
14:18:05    295 --> ...                                                                                  [tcl] set ucliGUI::state
14:18:05    296 --> ...                                                                                      [tcl] set ucliGUI::state
14:18:05    297 --> ...                                                                                          [tcl] catch {senv activeDomain} dveMisc::result 
14:18:05    298 --> ...                                                                                              [tcl] set dveMisc::result
14:18:05    299 --> ...                                                                                                  [tcl] gui_update_simulator_buttons
14:18:06    300 --> ...  [tcl] synopsys::next
14:18:06    301 --> ...      [tcl] set ucliGUI::state
14:18:06    302 --> ...          [tcl] set ucliGUI::state
14:18:06    303 --> ...              [tcl] catch {senv activeDomain} dveMisc::result 
14:18:06    304 --> ...                  [tcl] set dveMisc::result
14:18:06    305 --> ...                      [tcl] gui_update_simulator_buttons
14:18:06    306 --> ...                          [tcl] ucliGUI::vpdAddHierarchy -scope mul_tb.u_mul_para -depth 1 -file /home/liuyunqi/ymyu/mul/mul_ver/inter.vpd; synopsys::dump -flush VPD1
14:18:06    307 --> ...                              [tcl] synopsys::dump -add {mul_tb.u_mul_para.MANT_W} -aggregates  -fid VPD1
14:18:07    308 --> ...                                  [tcl] synopsys::next
14:18:07    309 --> ...                                      [tcl] set ucliGUI::state
14:18:07    310 --> ...                                          [tcl] set ucliGUI::state
14:18:07    311 --> ...                                              [tcl] catch {senv activeDomain} dveMisc::result 
14:18:07    312 --> ...                                                  [tcl] set dveMisc::result
14:18:07    313 --> ...                                                      [tcl] gui_update_simulator_buttons
14:18:07    314 --> ...                                                          [tcl] synopsys::next
14:18:07    315 --> ...                                                              [tcl] set ucliGUI::state
14:18:07    316 --> ...                                                                  [tcl] set ucliGUI::state
14:18:07    317 --> ...                                                                      [tcl] catch {senv activeDomain} dveMisc::result 
14:18:07    318 --> ...                                                                          [tcl] set dveMisc::result
14:18:07    319 --> ...                                                                              [tcl] gui_update_simulator_buttons
14:18:08    320 --> ...                                                                                  [tcl] synopsys::next
14:18:08    321 --> ...                                                                                      [tcl] set ucliGUI::state
14:18:08    322 --> ...                                                                                          [tcl] set ucliGUI::state
14:18:08    323 --> ...                                                                                              [tcl] catch {senv activeDomain} dveMisc::result 
14:18:08    324 --> ...                                                                                                  [tcl] set dveMisc::result
14:18:08    325 --> ...  [tcl] gui_update_simulator_buttons
14:18:08    326 --> ...      [tcl] synopsys::next
14:18:08    327 --> ...          [tcl] set ucliGUI::state
14:18:08    328 --> ...              [tcl] set ucliGUI::state
14:18:08    329 --> ...                  [tcl] catch {senv activeDomain} dveMisc::result 
14:18:08    330 --> ...                      [tcl] set dveMisc::result
14:18:08    331 --> ...                          [tcl] gui_update_simulator_buttons
14:18:08    332 --> ...                              [tcl] synopsys::next
14:18:08    333 --> ...                                  [tcl] set ucliGUI::state
14:18:08    334 --> ...                                      [tcl] set ucliGUI::state
14:18:08    335 --> ...                                          [tcl] catch {senv activeDomain} dveMisc::result 
14:18:08    336 --> ...                                              [tcl] set dveMisc::result
14:18:08    337 --> ...                                                  [tcl] gui_update_simulator_buttons
14:18:09    338 --> ...                                                      [tcl] synopsys::next
14:18:09    339 --> ...                                                          [tcl] set ucliGUI::state
14:18:09    340 --> ...                                                              [tcl] set ucliGUI::state
14:18:09    341 --> ...                                                                  [tcl] catch {senv activeDomain} dveMisc::result 
14:18:09    342 --> ...                                                                      [tcl] set dveMisc::result
14:18:09    343 --> ...                                                                          [tcl] gui_update_simulator_buttons
14:18:31    344 --> ...                                                                              [tcl] synopsys::dump -add {mul_tb.u_mul_para.a mul_tb.u_mul_para.b mul_tb.u_mul_para.res mul_tb.u_mul_para.rnd } -aggregates  -fid VPD1
14:20:40    345 --> ...                                                                                  [tcl] ucliCore::getToolPID
